Copyright 1986-2018 Xilinx, Inc. All Rights Reserved.
-----------------------------------------------------------------------------------------------------------
| Tool Version : Vivado v.2018.2 (win64) Build 2258646 Thu Jun 14 20:03:12 MDT 2018
| Date         : Tue Dec 18 16:33:52 2018
| Host         : WINDOWS-0SD853S running 64-bit major release  (build 9200)
| Command      : report_control_sets -verbose -file zynq_interrupts_system_wrapper_control_sets_placed.rpt
| Design       : zynq_interrupts_system_wrapper
| Device       : xc7z020
-----------------------------------------------------------------------------------------------------------

Control Set Information

Table of Contents
-----------------
1. Summary
2. Histogram
3. Flip-Flop Distribution
4. Detailed Control Set Information

1. Summary
----------

+----------------------------------------------------------+-------+
|                          Status                          | Count |
+----------------------------------------------------------+-------+
| Number of unique control sets                            |    45 |
| Unused register locations in slices containing registers |    60 |
+----------------------------------------------------------+-------+


2. Histogram
------------

+--------+--------------+
| Fanout | Control Sets |
+--------+--------------+
|      4 |            1 |
|      8 |            8 |
|     10 |            3 |
|     12 |            1 |
|     14 |            1 |
|    16+ |           31 |
+--------+--------------+


3. Flip-Flop Distribution
-------------------------

+--------------+-----------------------+------------------------+-----------------+--------------+
| Clock Enable | Synchronous Set/Reset | Asynchronous Set/Reset | Total Registers | Total Slices |
+--------------+-----------------------+------------------------+-----------------+--------------+
| No           | No                    | No                     |             352 |           55 |
| No           | No                    | Yes                    |               0 |            0 |
| No           | Yes                   | No                     |             342 |           48 |
| Yes          | No                    | No                     |             904 |          105 |
| Yes          | No                    | Yes                    |               0 |            0 |
| Yes          | Yes                   | No                     |             238 |           31 |
+--------------+-----------------------+------------------------+-----------------+--------------+


4. Detailed Control Set Information
-----------------------------------

+---------------------------------------------------------------+------------------------------------------------------------------------------------------------------------------------------------------------------------------------------+----------------------------------------------------------------------------------------------------------------------------------------------------------+------------------+----------------+
|                          Clock Signal                         |                                                                                 Enable Signal                                                                                |                                                                     Set/Reset Signal                                                                     | Slice Load Count | Bel Load Count |
+---------------------------------------------------------------+------------------------------------------------------------------------------------------------------------------------------------------------------------------------------+----------------------------------------------------------------------------------------------------------------------------------------------------------+------------------+----------------+
|  zynq_interrupts_system_i/processing_system7_0/inst/FCLK_CLK0 | zynq_interrupts_system_i/ps7_0_axi_periph/s00_couplers/auto_pc/inst/gen_axilite.gen_b2s_conv.axilite_b2s/WR.b_channel_0/bid_fifo_0/bresp_push                                |                                                                                                                                                          |                1 |              4 |
|  zynq_interrupts_system_i/processing_system7_0/inst/FCLK_CLK0 |                                                                                                                                                                              | zynq_interrupts_system_i/ps7_0_axi_periph/s00_couplers/auto_pc/inst/gen_axilite.gen_b2s_conv.axilite_b2s/SI_REG/aw.aw_pipe/s_ready_i_reg_0               |                2 |              8 |
|  zynq_interrupts_system_i/processing_system7_0/inst/FCLK_CLK0 |                                                                                                                                                                              | zynq_interrupts_system_i/axi_gpio_0/U0/AXI_LITE_IPIF_I/I_SLAVE_ATTACHMENT/clear                                                                          |                1 |              8 |
|  zynq_interrupts_system_i/processing_system7_0/inst/FCLK_CLK0 | zynq_interrupts_system_i/axi_gpio_1/U0/AXI_LITE_IPIF_I/I_SLAVE_ATTACHMENT/bus2ip_addr_i[8]_i_1_n_0                                                                           | zynq_interrupts_system_i/axi_gpio_1/U0/AXI_LITE_IPIF_I/I_SLAVE_ATTACHMENT/SR[0]                                                                          |                2 |              8 |
|  zynq_interrupts_system_i/processing_system7_0/inst/FCLK_CLK0 |                                                                                                                                                                              | zynq_interrupts_system_i/axi_gpio_1/U0/AXI_LITE_IPIF_I/I_SLAVE_ATTACHMENT/clear                                                                          |                1 |              8 |
|  zynq_interrupts_system_i/processing_system7_0/inst/FCLK_CLK0 |                                                                                                                                                                              | zynq_interrupts_system_i/ps7_0_axi_periph/s00_couplers/auto_pc/inst/gen_axilite.gen_b2s_conv.axilite_b2s/SI_REG/ar.ar_pipe/m_valid_i_reg_0               |                2 |              8 |
|  zynq_interrupts_system_i/processing_system7_0/inst/FCLK_CLK0 | zynq_interrupts_system_i/ps7_0_axi_periph/s00_couplers/auto_pc/inst/gen_axilite.gen_b2s_conv.axilite_b2s/WR.aw_channel_0/aw_cmd_fsm_0/axaddr_wrap_reg[11][0]                 | zynq_interrupts_system_i/ps7_0_axi_periph/s00_couplers/auto_pc/inst/gen_axilite.gen_b2s_conv.axilite_b2s/WR.aw_channel_0/aw_cmd_fsm_0/axlen_cnt_reg[7]_1 |                1 |              8 |
|  zynq_interrupts_system_i/processing_system7_0/inst/FCLK_CLK0 | zynq_interrupts_system_i/ps7_0_axi_periph/s00_couplers/auto_pc/inst/gen_axilite.gen_b2s_conv.axilite_b2s/RD.ar_channel_0/ar_cmd_fsm_0/E[0]                                   | zynq_interrupts_system_i/ps7_0_axi_periph/s00_couplers/auto_pc/inst/gen_axilite.gen_b2s_conv.axilite_b2s/RD.ar_channel_0/ar_cmd_fsm_0/axlen_cnt_reg[7]   |                1 |              8 |
|  zynq_interrupts_system_i/processing_system7_0/inst/FCLK_CLK0 | zynq_interrupts_system_i/axi_gpio_1/U0/AXI_LITE_IPIF_I/I_SLAVE_ATTACHMENT/start2                                                                                             | zynq_interrupts_system_i/axi_gpio_1/U0/AXI_LITE_IPIF_I/I_SLAVE_ATTACHMENT/I_DECODER/cs_ce_clr                                                            |                1 |              8 |
|  zynq_interrupts_system_i/processing_system7_0/inst/FCLK_CLK0 |                                                                                                                                                                              | zynq_interrupts_system_i/axi_gpio_0/U0/gpio_core_1/Not_Dual.ALLIN1_ND.READ_REG_GEN[4].reg1[31]_i_1_n_0                                                   |                2 |             10 |
|  zynq_interrupts_system_i/processing_system7_0/inst/FCLK_CLK0 |                                                                                                                                                                              | zynq_interrupts_system_i/rst_ps7_0_100M/U0/EXT_LPF/lpf_int                                                                                               |                1 |             10 |
|  zynq_interrupts_system_i/processing_system7_0/inst/FCLK_CLK0 | zynq_interrupts_system_i/axi_gpio_0/U0/AXI_LITE_IPIF_I/I_SLAVE_ATTACHMENT/I_DECODER/Not_Dual.gpio_OE_reg[0][0]                                                               | zynq_interrupts_system_i/axi_gpio_0/U0/bus2ip_reset                                                                                                      |                3 |             10 |
|  zynq_interrupts_system_i/processing_system7_0/inst/FCLK_CLK0 | zynq_interrupts_system_i/rst_ps7_0_100M/U0/SEQ/seq_cnt_en                                                                                                                    | zynq_interrupts_system_i/rst_ps7_0_100M/U0/SEQ/SEQ_COUNTER/clear                                                                                         |                1 |             12 |
|  zynq_interrupts_system_i/processing_system7_0/inst/FCLK_CLK0 | zynq_interrupts_system_i/axi_gpio_0/U0/AXI_LITE_IPIF_I/I_SLAVE_ATTACHMENT/s_axi_rresp_i                                                                                      | zynq_interrupts_system_i/axi_gpio_0/U0/bus2ip_reset                                                                                                      |                2 |             14 |
|  zynq_interrupts_system_i/processing_system7_0/inst/FCLK_CLK0 |                                                                                                                                                                              | zynq_interrupts_system_i/axi_gpio_1/U0/gpio_core_1/Read_Reg_Rst__0                                                                                       |                1 |             16 |
|  zynq_interrupts_system_i/processing_system7_0/inst/FCLK_CLK0 | zynq_interrupts_system_i/axi_gpio_0/U0/AXI_LITE_IPIF_I/I_SLAVE_ATTACHMENT/bus2ip_addr_i[8]_i_1_n_0                                                                           | zynq_interrupts_system_i/axi_gpio_0/U0/bus2ip_reset                                                                                                      |                1 |             16 |
|  zynq_interrupts_system_i/processing_system7_0/inst/FCLK_CLK0 | zynq_interrupts_system_i/ps7_0_axi_periph/s00_couplers/auto_pc/inst/gen_axilite.gen_b2s_conv.axilite_b2s/WR.b_channel_0/mhandshake_r                                         | zynq_interrupts_system_i/ps7_0_axi_periph/s00_couplers/auto_pc/inst/gen_axilite.gen_b2s_conv.axilite_b2s/WR.b_channel_0/bid_fifo_0/SR[0]                 |                3 |             16 |
|  zynq_interrupts_system_i/processing_system7_0/inst/FCLK_CLK0 | zynq_interrupts_system_i/axi_gpio_1/U0/AXI_LITE_IPIF_I/I_SLAVE_ATTACHMENT/s_axi_rresp_i                                                                                      | zynq_interrupts_system_i/axi_gpio_1/U0/AXI_LITE_IPIF_I/I_SLAVE_ATTACHMENT/SR[0]                                                                          |                2 |             18 |
|  zynq_interrupts_system_i/processing_system7_0/inst/FCLK_CLK0 |                                                                                                                                                                              | zynq_interrupts_system_i/ps7_0_axi_periph/xbar/inst/gen_sasd.crossbar_sasd_0/addr_arbiter_inst/SR[0]                                                     |                3 |             22 |
|  zynq_interrupts_system_i/processing_system7_0/inst/FCLK_CLK0 | zynq_interrupts_system_i/ps7_0_axi_periph/s00_couplers/auto_pc/inst/gen_axilite.gen_b2s_conv.axilite_b2s/RD.ar_channel_0/ar_cmd_fsm_0/axaddr_incr_reg[0][0]                  |                                                                                                                                                          |                4 |             24 |
|  zynq_interrupts_system_i/processing_system7_0/inst/FCLK_CLK0 | zynq_interrupts_system_i/ps7_0_axi_periph/s00_couplers/auto_pc/inst/gen_axilite.gen_b2s_conv.axilite_b2s/WR.aw_channel_0/cmd_translator_0/incr_cmd_0/axaddr_incr[11]_i_1_n_0 |                                                                                                                                                          |                2 |             24 |
|  zynq_interrupts_system_i/processing_system7_0/inst/FCLK_CLK0 | zynq_interrupts_system_i/ps7_0_axi_periph/s00_couplers/auto_pc/inst/gen_axilite.gen_b2s_conv.axilite_b2s/WR.aw_channel_0/aw_cmd_fsm_0/E[0]                                   |                                                                                                                                                          |                6 |             24 |
|  zynq_interrupts_system_i/processing_system7_0/inst/FCLK_CLK0 | zynq_interrupts_system_i/ps7_0_axi_periph/s00_couplers/auto_pc/inst/gen_axilite.gen_b2s_conv.axilite_b2s/RD.ar_channel_0/ar_cmd_fsm_0/wrap_boundary_axaddr_r_reg[11][0]      |                                                                                                                                                          |                5 |             24 |
|  zynq_interrupts_system_i/processing_system7_0/inst/FCLK_CLK0 | zynq_interrupts_system_i/ps7_0_axi_periph/s00_couplers/auto_pc/inst/gen_axilite.gen_b2s_conv.axilite_b2s/RD.r_channel_0/r_push_r                                             |                                                                                                                                                          |                4 |             26 |
|  zynq_interrupts_system_i/processing_system7_0/inst/FCLK_CLK0 | zynq_interrupts_system_i/ps7_0_axi_periph/s00_couplers/auto_pc/inst/gen_axilite.gen_b2s_conv.axilite_b2s/SI_REG/b.b_pipe/p_1_in                                              |                                                                                                                                                          |                2 |             28 |
|  zynq_interrupts_system_i/processing_system7_0/inst/FCLK_CLK0 | zynq_interrupts_system_i/ps7_0_axi_periph/s00_couplers/auto_pc/inst/gen_axilite.gen_b2s_conv.axilite_b2s/SI_REG/b.b_pipe/skid_buffer_reg[0]_0                                |                                                                                                                                                          |                2 |             28 |
|  zynq_interrupts_system_i/processing_system7_0/inst/FCLK_CLK0 | zynq_interrupts_system_i/ps7_0_axi_periph/xbar/inst/gen_sasd.crossbar_sasd_0/reg_slice_r/aa_rready                                                                           |                                                                                                                                                          |                6 |             30 |
|  zynq_interrupts_system_i/processing_system7_0/inst/FCLK_CLK0 | zynq_interrupts_system_i/ps7_0_axi_periph/s00_couplers/auto_pc/inst/gen_axilite.gen_b2s_conv.axilite_b2s/WR.aw_channel_0/aw_cmd_fsm_0/b_push                                 |                                                                                                                                                          |                3 |             32 |
|  zynq_interrupts_system_i/processing_system7_0/inst/FCLK_CLK0 | zynq_interrupts_system_i/axi_gpio_1/U0/AXI_LITE_IPIF_I/I_SLAVE_ATTACHMENT/I_DECODER/E[0]                                                                                     | zynq_interrupts_system_i/axi_gpio_1/U0/AXI_LITE_IPIF_I/I_SLAVE_ATTACHMENT/SR[0]                                                                          |                4 |             32 |
|  zynq_interrupts_system_i/processing_system7_0/inst/FCLK_CLK0 | zynq_interrupts_system_i/ps7_0_axi_periph/s00_couplers/auto_pc/inst/gen_axilite.gen_b2s_conv.axilite_b2s/RD.ar_channel_0/ar_cmd_fsm_0/E[0]                                   |                                                                                                                                                          |                8 |             40 |
|  zynq_interrupts_system_i/processing_system7_0/inst/FCLK_CLK0 | zynq_interrupts_system_i/ps7_0_axi_periph/s00_couplers/auto_pc/inst/gen_axilite.gen_b2s_conv.axilite_b2s/WR.aw_channel_0/aw_cmd_fsm_0/axaddr_wrap_reg[11][0]                 |                                                                                                                                                          |               10 |             40 |
|  zynq_interrupts_system_i/processing_system7_0/inst/FCLK_CLK0 | zynq_interrupts_system_i/axi_gpio_0/U0/AXI_LITE_IPIF_I/I_SLAVE_ATTACHMENT/start2                                                                                             | zynq_interrupts_system_i/axi_gpio_0/U0/AXI_LITE_IPIF_I/I_SLAVE_ATTACHMENT/I_DECODER/cs_ce_clr                                                            |                3 |             42 |
|  zynq_interrupts_system_i/processing_system7_0/inst/FCLK_CLK0 | zynq_interrupts_system_i/ps7_0_axi_periph/xbar/inst/gen_sasd.crossbar_sasd_0/addr_arbiter_inst/p_0_in1_in                                                                    | zynq_interrupts_system_i/ps7_0_axi_periph/xbar/inst/gen_sasd.crossbar_sasd_0/addr_arbiter_inst/SR[0]                                                     |                7 |             46 |
|  zynq_interrupts_system_i/processing_system7_0/inst/FCLK_CLK0 |                                                                                                                                                                              | zynq_interrupts_system_i/axi_gpio_1/U0/AXI_LITE_IPIF_I/I_SLAVE_ATTACHMENT/SR[0]                                                                          |               10 |             48 |
|  zynq_interrupts_system_i/processing_system7_0/inst/FCLK_CLK0 | zynq_interrupts_system_i/ps7_0_axi_periph/s00_couplers/auto_pc/inst/gen_axilite.gen_b2s_conv.axilite_b2s/RD.r_channel_0/rd_data_fifo_0/wr_en0                                |                                                                                                                                                          |                9 |             68 |
|  zynq_interrupts_system_i/processing_system7_0/inst/FCLK_CLK0 | zynq_interrupts_system_i/ps7_0_axi_periph/xbar/inst/gen_sasd.crossbar_sasd_0/addr_arbiter_inst/E[0]                                                                          |                                                                                                                                                          |                6 |             70 |
|  zynq_interrupts_system_i/processing_system7_0/inst/FCLK_CLK0 |                                                                                                                                                                              | zynq_interrupts_system_i/axi_gpio_0/U0/bus2ip_reset                                                                                                      |               13 |             84 |
|  zynq_interrupts_system_i/processing_system7_0/inst/FCLK_CLK0 | zynq_interrupts_system_i/ps7_0_axi_periph/s00_couplers/auto_pc/inst/gen_axilite.gen_b2s_conv.axilite_b2s/SI_REG/r.r_pipe/p_1_in                                              |                                                                                                                                                          |                8 |             94 |
|  zynq_interrupts_system_i/processing_system7_0/inst/FCLK_CLK0 | zynq_interrupts_system_i/ps7_0_axi_periph/s00_couplers/auto_pc/inst/gen_axilite.gen_b2s_conv.axilite_b2s/SI_REG/r.r_pipe/skid_buffer_reg[0]_0                                |                                                                                                                                                          |                8 |             94 |
|  zynq_interrupts_system_i/processing_system7_0/inst/FCLK_CLK0 | zynq_interrupts_system_i/ps7_0_axi_periph/s00_couplers/auto_pc/inst/gen_axilite.gen_b2s_conv.axilite_b2s/SI_REG/ar.ar_pipe/skid_buffer_reg[0]_0                              |                                                                                                                                                          |                9 |             96 |
|  zynq_interrupts_system_i/processing_system7_0/inst/FCLK_CLK0 | zynq_interrupts_system_i/ps7_0_axi_periph/s00_couplers/auto_pc/inst/gen_axilite.gen_b2s_conv.axilite_b2s/WR.aw_channel_0/aw_cmd_fsm_0/m_payload_i_reg[0][0]                  |                                                                                                                                                          |                9 |             96 |
|  zynq_interrupts_system_i/processing_system7_0/inst/FCLK_CLK0 | zynq_interrupts_system_i/ps7_0_axi_periph/s00_couplers/auto_pc/inst/gen_axilite.gen_b2s_conv.axilite_b2s/RD.ar_channel_0/ar_cmd_fsm_0/m_payload_i_reg[0]_1[0]                |                                                                                                                                                          |                9 |             96 |
|  zynq_interrupts_system_i/processing_system7_0/inst/FCLK_CLK0 | zynq_interrupts_system_i/ps7_0_axi_periph/s00_couplers/auto_pc/inst/gen_axilite.gen_b2s_conv.axilite_b2s/SI_REG/aw.aw_pipe/skid_buffer_reg[0]_0                              |                                                                                                                                                          |               11 |             96 |
|  zynq_interrupts_system_i/processing_system7_0/inst/FCLK_CLK0 |                                                                                                                                                                              | zynq_interrupts_system_i/ps7_0_axi_periph/s00_couplers/auto_pc/inst/gen_axilite.gen_b2s_conv.axilite_b2s/areset_d1                                       |               12 |            120 |
|  zynq_interrupts_system_i/processing_system7_0/inst/FCLK_CLK0 |                                                                                                                                                                              |                                                                                                                                                          |               56 |            354 |
+---------------------------------------------------------------+------------------------------------------------------------------------------------------------------------------------------------------------------------------------------+----------------------------------------------------------------------------------------------------------------------------------------------------------+------------------+----------------+


